[03-Feb-2024 00:30:26 UTC] PHP Parse error:  syntax error, unexpected end of file in C:\MAMP\htdocs\bricotips\wp-content\themes\bricotips\functions.php on line 135
[03-Feb-2024 00:31:12 UTC] PHP Parse error:  syntax error, unexpected end of file in C:\MAMP\htdocs\bricotips\wp-content\themes\bricotips\functions.php on line 135
[03-Feb-2024 00:31:56 UTC] PHP Parse error:  syntax error, unexpected end of file in C:\MAMP\htdocs\bricotips\wp-content\themes\bricotips\functions.php on line 135
[03-Feb-2024 09:23:32 UTC] PHP Notice:  ob_end_flush(): Failed to send buffer of zlib output compression (1) in C:\MAMP\htdocs\bricotips\wp-includes\functions.php on line 5373
[03-Feb-2024 09:23:32 UTC] PHP Notice:  ob_end_flush(): Failed to send buffer of zlib output compression (1) in C:\MAMP\htdocs\bricotips\wp-includes\functions.php on line 5373
[03-Feb-2024 09:24:34 UTC] PHP Notice:  ob_end_flush(): Failed to send buffer of zlib output compression (1) in C:\MAMP\htdocs\bricotips\wp-includes\functions.php on line 5373
[03-Feb-2024 09:24:34 UTC] PHP Notice:  ob_end_flush(): Failed to send buffer of zlib output compression (1) in C:\MAMP\htdocs\bricotips\wp-includes\functions.php on line 5373
[03-Feb-2024 09:24:38 UTC] PHP Notice:  ob_end_flush(): Failed to send buffer of zlib output compression (1) in C:\MAMP\htdocs\bricotips\wp-includes\functions.php on line 5373
[03-Feb-2024 09:24:38 UTC] PHP Notice:  ob_end_flush(): Failed to send buffer of zlib output compression (1) in C:\MAMP\htdocs\bricotips\wp-includes\functions.php on line 5373
[03-Feb-2024 09:30:31 UTC] PHP Fatal error:  Uncaught TypeError: Unsupported operand types: string + string in C:\MAMP\htdocs\bricotips\wp-content\themes\bricotips\functions.php:106
Stack trace:
#0 C:\MAMP\htdocs\bricotips\wp-includes\class-wp-hook.php(326): paginate_links_filter('<span aria-curr...')
#1 C:\MAMP\htdocs\bricotips\wp-includes\plugin.php(205): WP_Hook->apply_filters('<span aria-curr...', Array)
#2 C:\MAMP\htdocs\bricotips\wp-includes\general-template.php(4645): apply_filters('paginate_links_...', '<span aria-curr...', Array)
#3 C:\MAMP\htdocs\bricotips\wp-includes\link-template.php(2970): paginate_links(Array)
#4 C:\MAMP\htdocs\bricotips\wp-content\themes\twentytwenty\template-parts\pagination.php(35): get_the_posts_pagination(Array)
#5 C:\MAMP\htdocs\bricotips\wp-includes\template.php(792): require('C:\\MAMP\\htdocs\\...')
#6 C:\MAMP\htdocs\bricotips\wp-includes\template.php(725): load_template('C:\\MAMP\\htdocs\\...', false, Array)
#7 C:\MAMP\htdocs\bricotips\wp-includes\general-template.php(206): locate_template(Array, true, false, Array)
#8 C:\MAMP\htdocs\bricotips\wp-content\themes\twentytwenty\index.php(115): get_template_part('template-parts/...')
#9 C:\MAMP\htdocs\bricotips\wp-includes\template-loader.php(106): include('C:\\MAMP\\htdocs\\...')
#10 C:\MAMP\htdocs\bricotips\wp-blog-header.php(19): require_once('C:\\MAMP\\htdocs\\...')
#11 C:\MAMP\htdocs\bricotips\index.php(17): require('C:\\MAMP\\htdocs\\...')
#12 {main}
  thrown in C:\MAMP\htdocs\bricotips\wp-content\themes\bricotips\functions.php on line 106
[03-Feb-2024 09:30:31 UTC] PHP Notice:  ob_end_flush(): Failed to send buffer of zlib output compression (1) in C:\MAMP\htdocs\bricotips\wp-includes\functions.php on line 5373
[03-Feb-2024 09:30:31 UTC] PHP Notice:  ob_end_flush(): Failed to send buffer of zlib output compression (1) in C:\MAMP\htdocs\bricotips\wp-includes\functions.php on line 5373
[03-Feb-2024 09:30:56 UTC] <span aria-current="page" class="page-numbers current">1</span>
<a class="page-numbers" href="http://localhost/bricotips/category/outils/page/2/">2</a>
<a class="next page-numbers" href="http://localhost/bricotips/category/outils/page/2/"><span class="nav-next-text"><span class="nav-short">Articles</span> plus anciens</span> <span aria-hidden="true">&rarr;</span></a>
[03-Feb-2024 09:30:56 UTC] PHP Fatal error:  Uncaught TypeError: Unsupported operand types: string + string in C:\MAMP\htdocs\bricotips\wp-content\themes\bricotips\functions.php:107
Stack trace:
#0 C:\MAMP\htdocs\bricotips\wp-includes\class-wp-hook.php(326): paginate_links_filter('<span aria-curr...')
#1 C:\MAMP\htdocs\bricotips\wp-includes\plugin.php(205): WP_Hook->apply_filters('<span aria-curr...', Array)
#2 C:\MAMP\htdocs\bricotips\wp-includes\general-template.php(4645): apply_filters('paginate_links_...', '<span aria-curr...', Array)
#3 C:\MAMP\htdocs\bricotips\wp-includes\link-template.php(2970): paginate_links(Array)
#4 C:\MAMP\htdocs\bricotips\wp-content\themes\twentytwenty\template-parts\pagination.php(35): get_the_posts_pagination(Array)
#5 C:\MAMP\htdocs\bricotips\wp-includes\template.php(792): require('C:\\MAMP\\htdocs\\...')
#6 C:\MAMP\htdocs\bricotips\wp-includes\template.php(725): load_template('C:\\MAMP\\htdocs\\...', false, Array)
#7 C:\MAMP\htdocs\bricotips\wp-includes\general-template.php(206): locate_template(Array, true, false, Array)
#8 C:\MAMP\htdocs\bricotips\wp-content\themes\twentytwenty\index.php(115): get_template_part('template-parts/...')
#9 C:\MAMP\htdocs\bricotips\wp-includes\template-loader.php(106): include('C:\\MAMP\\htdocs\\...')
#10 C:\MAMP\htdocs\bricotips\wp-blog-header.php(19): require_once('C:\\MAMP\\htdocs\\...')
#11 C:\MAMP\htdocs\bricotips\index.php(17): require('C:\\MAMP\\htdocs\\...')
#12 {main}
  thrown in C:\MAMP\htdocs\bricotips\wp-content\themes\bricotips\functions.php on line 107
[03-Feb-2024 09:30:56 UTC] PHP Notice:  ob_end_flush(): Failed to send buffer of zlib output compression (1) in C:\MAMP\htdocs\bricotips\wp-includes\functions.php on line 5373
[03-Feb-2024 09:30:56 UTC] PHP Notice:  ob_end_flush(): Failed to send buffer of zlib output compression (1) in C:\MAMP\htdocs\bricotips\wp-includes\functions.php on line 5373
[03-Feb-2024 09:46:50 UTC] <span aria-current="page" class="page-numbers current">1</span>
<a class="page-numbers" href="http://localhost/bricotips/category/outils/page/2/">2</a>
<a class="next page-numbers" href="http://localhost/bricotips/category/outils/page/2/"><span class="nav-next-text"><span class="nav-short">Articles</span> plus anciens</span> <span aria-hidden="true">&rarr;</span></a>
[03-Feb-2024 09:46:50 UTC] PHP Notice:  ob_end_flush(): Failed to send buffer of zlib output compression (1) in C:\MAMP\htdocs\bricotips\wp-includes\functions.php on line 5373
[03-Feb-2024 09:46:50 UTC] PHP Notice:  ob_end_flush(): Failed to send buffer of zlib output compression (1) in C:\MAMP\htdocs\bricotips\wp-includes\functions.php on line 5373
[03-Feb-2024 09:46:54 UTC] PHP Notice:  ob_end_flush(): Failed to send buffer of zlib output compression (1) in C:\MAMP\htdocs\bricotips\wp-includes\functions.php on line 5373
[03-Feb-2024 09:46:54 UTC] PHP Notice:  ob_end_flush(): Failed to send buffer of zlib output compression (1) in C:\MAMP\htdocs\bricotips\wp-includes\functions.php on line 5373
[03-Feb-2024 09:57:43 UTC] PHP Notice:  ob_end_flush(): Failed to send buffer of zlib output compression (1) in C:\MAMP\htdocs\bricotips\wp-includes\functions.php on line 5373
[03-Feb-2024 09:57:43 UTC] PHP Notice:  ob_end_flush(): Failed to send buffer of zlib output compression (1) in C:\MAMP\htdocs\bricotips\wp-includes\functions.php on line 5373
[03-Feb-2024 09:58:00 UTC] PHP Notice:  ob_end_flush(): Failed to send buffer of zlib output compression (1) in C:\MAMP\htdocs\bricotips\wp-includes\functions.php on line 5373
[03-Feb-2024 09:58:00 UTC] PHP Notice:  ob_end_flush(): Failed to send buffer of zlib output compression (1) in C:\MAMP\htdocs\bricotips\wp-includes\functions.php on line 5373
[03-Feb-2024 09:58:22 UTC] PHP Notice:  ob_end_flush(): Failed to send buffer of zlib output compression (1) in C:\MAMP\htdocs\bricotips\wp-includes\functions.php on line 5373
[03-Feb-2024 09:58:22 UTC] PHP Notice:  ob_end_flush(): Failed to send buffer of zlib output compression (1) in C:\MAMP\htdocs\bricotips\wp-includes\functions.php on line 5373
[03-Feb-2024 09:58:24 UTC] PHP Notice:  ob_end_flush(): Failed to send buffer of zlib output compression (1) in C:\MAMP\htdocs\bricotips\wp-includes\functions.php on line 5373
[03-Feb-2024 09:58:24 UTC] PHP Notice:  ob_end_flush(): Failed to send buffer of zlib output compression (1) in C:\MAMP\htdocs\bricotips\wp-includes\functions.php on line 5373
[03-Feb-2024 09:58:54 UTC] PHP Notice:  ob_end_flush(): Failed to send buffer of zlib output compression (1) in C:\MAMP\htdocs\bricotips\wp-includes\functions.php on line 5373
[03-Feb-2024 09:58:54 UTC] PHP Notice:  ob_end_flush(): Failed to send buffer of zlib output compression (1) in C:\MAMP\htdocs\bricotips\wp-includes\functions.php on line 5373
